\BOOKMARK [1][-]{section.1}{\376\377\000G\000r\000u\000n\000d\000l\000a\000g\000e\000n}{}% 1
\BOOKMARK [2][-]{subsection.1.1}{\376\377\000E\000i\000n\000f\000\374\000h\000r\000u\000n\000g\000\040\000i\000n\000\040\000C\000l\000o\000u\000d\000\040\000C\000o\000m\000p\000u\000t\000i\000n\000g}{section.1}% 2
\BOOKMARK [3][-]{subsubsection.1.1.1}{\376\377\000W\000a\000s\000\040\000i\000s\000t\000\040\000e\000i\000n\000e\000\040\000A\000P\000I\000\040\000u\000n\000d\000\040\000i\000h\000r\000e\000\040\000F\000u\000n\000k\000t\000i\000o\000n\000?}{subsection.1.1}% 3
\BOOKMARK [3][-]{subsubsection.1.1.2}{\376\377\000B\000e\000d\000e\000u\000t\000u\000n\000g\000\040\000v\000o\000n\000\040\000A\000P\000I\000-\000K\000e\000y\000s}{subsection.1.1}% 4
\BOOKMARK [2][-]{subsection.1.2}{\376\377\000E\000r\000s\000t\000e\000l\000l\000e\000n\000\040\000u\000n\000d\000\040\000A\000u\000f\000r\000u\000f\000e\000n\000\040\000d\000e\000r\000\040\000A\000P\000I\000-\000A\000n\000f\000r\000a\000g\000e}{section.1}% 5
\BOOKMARK [3][-]{subsubsection.1.2.1}{\376\377\000G\000r\000u\000n\000d\000l\000a\000g\000e\000n\000\040\000d\000e\000s\000\040\000A\000P\000I\000-\000A\000u\000f\000r\000u\000f\000s}{subsection.1.2}% 6
\BOOKMARK [3][-]{subsubsection.1.2.2}{\376\377\000S\000p\000e\000z\000i\000f\000i\000k\000a\000t\000i\000o\000n\000e\000n\000\040\000u\000n\000d\000\040\000P\000a\000r\000a\000m\000e\000t\000e\000r}{subsection.1.2}% 7
\BOOKMARK [2][-]{subsection.1.3}{\376\377\000I\000n\000t\000e\000r\000a\000k\000t\000i\000o\000n\000\040\000m\000i\000t\000\040\000d\000e\000r\000\040\000G\000o\000o\000g\000l\000e\000\040\000C\000l\000o\000u\000d\000\040\000A\000P\000I}{section.1}% 8
\BOOKMARK [3][-]{subsubsection.1.3.1}{\376\377\000U\000m\000g\000a\000n\000g\000\040\000m\000i\000t\000\040\000d\000e\000m\000\040\000G\000o\000o\000g\000l\000e\000\040\000C\000l\000o\000u\000d\000\040\000D\000i\000e\000n\000s\000t}{subsection.1.3}% 9
\BOOKMARK [3][-]{subsubsection.1.3.2}{\376\377\000E\000r\000s\000t\000e\000l\000l\000e\000n\000\040\000e\000i\000n\000e\000s\000\040\000A\000P\000I\000-\000K\000e\000y\000s\000\040\000i\000n\000\040\000G\000o\000o\000g\000l\000e\000\040\000C\000l\000o\000u\000d}{subsection.1.3}% 10
\BOOKMARK [1][-]{section.2}{\376\377\000S\000p\000r\000a\000c\000h\000e\000r\000k\000e\000n\000n\000u\000n\000g\000\040\000u\000n\000d\000\040\000-\000t\000r\000a\000n\000s\000k\000r\000i\000p\000t\000i\000o\000n}{}% 11
\BOOKMARK [2][-]{subsection.2.1}{\376\377\000S\000c\000h\000r\000i\000t\000t\000e\000\040\000i\000m\000\040\000S\000p\000e\000e\000c\000h\000-\000t\000o\000-\000T\000e\000x\000t\000\040\000P\000r\000o\000z\000e\000s\000s}{section.2}% 12
\BOOKMARK [2][-]{subsection.2.2}{\376\377\000G\000o\000o\000g\000l\000e\000\040\000C\000l\000o\000u\000d\000\040\000S\000p\000e\000e\000c\000h\000\040\000A\000P\000I}{section.2}% 13
\BOOKMARK [1][-]{section.3}{\376\377\000S\000p\000r\000a\000c\000h\000\374\000b\000e\000r\000s\000e\000t\000z\000u\000n\000g}{}% 14
\BOOKMARK [2][-]{subsection.3.1}{\376\377\000E\000r\000k\000e\000n\000n\000u\000n\000g\000\040\000u\000n\000d\000\040\000\334\000b\000e\000r\000s\000e\000t\000z\000u\000n\000g\000\040\000v\000o\000n\000\040\000T\000e\000x\000t\000e\000n}{section.3}% 15
\BOOKMARK [2][-]{subsection.3.2}{\376\377\000C\000l\000o\000u\000d\000\040\000T\000r\000a\000n\000s\000l\000a\000t\000i\000o\000n\000\040\000A\000P\000I}{section.3}% 16
\BOOKMARK [1][-]{section.4}{\376\377\000T\000e\000x\000t\000a\000n\000a\000l\000y\000s\000e}{}% 17
\BOOKMARK [2][-]{subsection.4.1}{\376\377\000K\000l\000a\000s\000s\000i\000f\000i\000z\000i\000e\000r\000u\000n\000g\000\040\000v\000o\000n\000\040\000T\000e\000x\000t\000\040\000i\000n\000\040\000K\000a\000t\000e\000g\000o\000r\000i\000e\000n}{section.4}% 18
\BOOKMARK [2][-]{subsection.4.2}{\376\377\000E\000n\000t\000i\000t\000\344\000t\000e\000n\000-\000\040\000u\000n\000d\000\040\000S\000e\000n\000t\000i\000m\000e\000n\000t\000a\000n\000a\000l\000y\000s\000e}{section.4}% 19
\BOOKMARK [2][-]{subsection.4.3}{\376\377\000N\000a\000t\000u\000r\000a\000l\000\040\000L\000a\000n\000g\000u\000a\000g\000e\000\040\000A\000P\000I}{section.4}% 20
\BOOKMARK [1][-]{section.5}{\376\377\000S\000p\000r\000a\000c\000h\000s\000y\000n\000t\000h\000e\000s\000e}{}% 21
\BOOKMARK [2][-]{subsection.5.1}{\376\377\000E\000r\000z\000e\000u\000g\000u\000n\000g\000\040\000s\000y\000n\000t\000h\000e\000t\000i\000s\000c\000h\000e\000r\000\040\000S\000p\000r\000a\000c\000h\000e}{section.5}% 22
\BOOKMARK [2][-]{subsection.5.2}{\376\377\000N\000a\000t\000u\000r\000a\000l\000\040\000L\000a\000n\000g\000u\000a\000g\000e\000\040\000A\000P\000I}{section.5}% 23
